Arguments: 
  /usr/local/bin/node /Users/jacksonernst/.node/corepack/yarn/1.22.15/bin/yarn.js add workspace digital-boids

PATH: 
  /Users/jacksonernst/.asdf/shims:/opt/homebrew/opt/asdf/libexec/bin:/opt/homebrew/bin:/opt/homebrew/sbin:/usr/local/bin:/usr/bin:/bin:/usr/sbin:/sbin:/Users/jacksonernst/miniforge3/bin:/Users/jacksonernst/miniforge3/condabin:/opt/homebrew/bin:/opt/homebrew/sbin:/Users/jacksonernst/.cargo/bin

Yarn version: 
  1.22.15

Node version: 
  16.15.1

Platform: 
  darwin arm64

Trace: 
  Error: https://registry.yarnpkg.com/digital-boids: Not found
      at Request.params.callback [as _callback] (/Users/jacksonernst/.node/corepack/yarn/1.22.15/lib/cli.js:66140:18)
      at Request.self.callback (/Users/jacksonernst/.node/corepack/yarn/1.22.15/lib/cli.js:140885:22)
      at Request.emit (node:events:527:28)
      at Request.<anonymous> (/Users/jacksonernst/.node/corepack/yarn/1.22.15/lib/cli.js:141857:10)
      at Request.emit (node:events:527:28)
      at IncomingMessage.<anonymous> (/Users/jacksonernst/.node/corepack/yarn/1.22.15/lib/cli.js:141779:12)
      at Object.onceWrapper (node:events:641:28)
      at IncomingMessage.emit (node:events:539:35)
      at endReadableNT (node:internal/streams/readable:1345:12)
      at processTicksAndRejections (node:internal/process/task_queues:83:21)

npm manifest: 
  {
    "name": "digital-journey-hub",
    "version": "1.0.0",
    "main": "index.js",
    "repository": "https://github.com/jaxernst/digital-journey-hub.git",
    "author": "jaxernst <51183683+jaxernst@users.noreply.github.com>",
    "license": "MIT"
  }

yarn manifest: 
  No manifest

Lockfile: 
  No lockfile
